[2026-03-01 10:33:20] This is codeql database index-files --include-extension=.xml --include-extension=.wsdd --size-limit 10m --language xml -- /home/nyn/Desktop/Projects/Java/Java-learning/ql/db/codeql-ast-demo-db
[2026-03-01 10:33:20] Log file was started late.
[2026-03-01 10:33:20] Using index-files script /home/nyn/Desktop/dev_tools/codeql/xml/tools/index-files.sh.
[2026-03-01 10:33:20] [PROGRESS] database index-files> Scanning for files in /home/nyn/Desktop/Projects/Java/Java-learning/src/codeql-ast-demo...
[2026-03-01 10:33:20] Calling plumbing command: codeql resolve files --include-extension=.xml --include-extension=.wsdd --size-limit=10m /home/nyn/Desktop/Projects/Java/Java-learning/src/codeql-ast-demo --format=json
[2026-03-01 10:33:20] [PROGRESS] resolve files> Scanning /home/nyn/Desktop/Projects/Java/Java-learning/src/codeql-ast-demo...
[2026-03-01 10:33:20] [PROGRESS] resolve files> Scanning /home/nyn/Desktop/Projects/Java/Java-learning/src/codeql-ast-demo/target...
[2026-03-01 10:33:20] [PROGRESS] resolve files> Scanning /home/nyn/Desktop/Projects/Java/Java-learning/src/codeql-ast-demo/target/classes...
[2026-03-01 10:33:20] [PROGRESS] resolve files> Scanning /home/nyn/Desktop/Projects/Java/Java-learning/src/codeql-ast-demo/target/classes/org...
[2026-03-01 10:33:20] [PROGRESS] resolve files> Scanning /home/nyn/Desktop/Projects/Java/Java-learning/src/codeql-ast-demo/target/classes/org/example...
[2026-03-01 10:33:20] [PROGRESS] resolve files> Scanning /home/nyn/Desktop/Projects/Java/Java-learning/src/codeql-ast-demo/target/classes/org/example/ast...
[2026-03-01 10:33:20] [PROGRESS] resolve files> Scanning /home/nyn/Desktop/Projects/Java/Java-learning/src/codeql-ast-demo/target/maven-status...
[2026-03-01 10:33:20] [PROGRESS] resolve files> Scanning /home/nyn/Desktop/Projects/Java/Java-learning/src/codeql-ast-demo/target/maven-status/maven-compiler-plugin...
[2026-03-01 10:33:20] [PROGRESS] resolve files> Scanning /home/nyn/Desktop/Projects/Java/Java-learning/src/codeql-ast-demo/target/maven-status/maven-compiler-plugin/compile...
[2026-03-01 10:33:20] [PROGRESS] resolve files> Scanning /home/nyn/Desktop/Projects/Java/Java-learning/src/codeql-ast-demo/target/maven-status/maven-compiler-plugin/compile/default-compile...
[2026-03-01 10:33:20] [PROGRESS] resolve files> Scanning /home/nyn/Desktop/Projects/Java/Java-learning/src/codeql-ast-demo/target/generated-sources...
[2026-03-01 10:33:20] [PROGRESS] resolve files> Scanning /home/nyn/Desktop/Projects/Java/Java-learning/src/codeql-ast-demo/target/generated-sources/annotations...
[2026-03-01 10:33:20] [PROGRESS] resolve files> Scanning /home/nyn/Desktop/Projects/Java/Java-learning/src/codeql-ast-demo/src...
[2026-03-01 10:33:20] [PROGRESS] resolve files> Scanning /home/nyn/Desktop/Projects/Java/Java-learning/src/codeql-ast-demo/src/main...
[2026-03-01 10:33:20] [PROGRESS] resolve files> Scanning /home/nyn/Desktop/Projects/Java/Java-learning/src/codeql-ast-demo/src/main/java...
[2026-03-01 10:33:20] [PROGRESS] resolve files> Scanning /home/nyn/Desktop/Projects/Java/Java-learning/src/codeql-ast-demo/src/main/java/org...
[2026-03-01 10:33:20] [PROGRESS] resolve files> Scanning /home/nyn/Desktop/Projects/Java/Java-learning/src/codeql-ast-demo/src/main/java/org/example...
[2026-03-01 10:33:20] [PROGRESS] resolve files> Scanning /home/nyn/Desktop/Projects/Java/Java-learning/src/codeql-ast-demo/src/main/java/org/example/ast...
[2026-03-01 10:33:20] Plumbing command codeql resolve files completed:
                      [
                        "/home/nyn/Desktop/Projects/Java/Java-learning/src/codeql-ast-demo/pom.xml"
                      ]
[2026-03-01 10:33:20] [DETAILS] database index-files> Found 1 files.
[2026-03-01 10:33:20] [PROGRESS] database index-files> /home/nyn/Desktop/Projects/Java/Java-learning/ql/db/codeql-ast-demo-db: Indexing files in in /home/nyn/Desktop/Projects/Java/Java-learning/src/codeql-ast-demo...
[2026-03-01 10:33:20] Using index-files script /home/nyn/Desktop/dev_tools/codeql/xml/tools/index-files.sh.
[2026-03-01 10:33:20] [PROGRESS] database index-files> Running command in /home/nyn/Desktop/Projects/Java/Java-learning/src/codeql-ast-demo: [/home/nyn/Desktop/dev_tools/codeql/xml/tools/index-files.sh, /home/nyn/Desktop/Projects/Java/Java-learning/ql/db/codeql-ast-demo-db/working/files-to-index17513144775236268370.list]
[2026-03-01 10:33:21] [build-stdout] [2026-03-01 10:33:21] [XMLExtractor] Processed 1 files in 114 ms; produced 0 bytes of compressed TRAP
[2026-03-01 10:33:21] [build-stdout] 10:33:21.302 [main] INFO com.semmle.cli.SimpleExtractor.Stats -- Processed 1 files in 114 ms; produced 0 bytes of compressed TRAP
[2026-03-01 10:33:21] Terminating normally.
