[2026-03-01 10:33:22] This is codeql database index-files --include-extension=.properties --size-limit=5m --language properties -- /home/nyn/Desktop/Projects/Java/Java-learning/ql/db/codeql-ast-demo-db
[2026-03-01 10:33:22] Log file was started late.
[2026-03-01 10:33:22] Using index-files script /home/nyn/Desktop/dev_tools/codeql/properties/tools/index-files.sh.
[2026-03-01 10:33:22] [PROGRESS] database index-files> Scanning for files in /home/nyn/Desktop/Projects/Java/Java-learning/src/codeql-ast-demo...
[2026-03-01 10:33:22] Calling plumbing command: codeql resolve files --include-extension=.properties --size-limit=5m /home/nyn/Desktop/Projects/Java/Java-learning/src/codeql-ast-demo --format=json
[2026-03-01 10:33:22] [PROGRESS] resolve files> Scanning /home/nyn/Desktop/Projects/Java/Java-learning/src/codeql-ast-demo...
[2026-03-01 10:33:22] [PROGRESS] resolve files> Scanning /home/nyn/Desktop/Projects/Java/Java-learning/src/codeql-ast-demo/target...
[2026-03-01 10:33:22] [PROGRESS] resolve files> Scanning /home/nyn/Desktop/Projects/Java/Java-learning/src/codeql-ast-demo/target/classes...
[2026-03-01 10:33:22] [PROGRESS] resolve files> Scanning /home/nyn/Desktop/Projects/Java/Java-learning/src/codeql-ast-demo/target/classes/org...
[2026-03-01 10:33:22] [PROGRESS] resolve files> Scanning /home/nyn/Desktop/Projects/Java/Java-learning/src/codeql-ast-demo/target/classes/org/example...
[2026-03-01 10:33:22] [PROGRESS] resolve files> Scanning /home/nyn/Desktop/Projects/Java/Java-learning/src/codeql-ast-demo/target/classes/org/example/ast...
[2026-03-01 10:33:22] [PROGRESS] resolve files> Scanning /home/nyn/Desktop/Projects/Java/Java-learning/src/codeql-ast-demo/target/maven-status...
[2026-03-01 10:33:22] [PROGRESS] resolve files> Scanning /home/nyn/Desktop/Projects/Java/Java-learning/src/codeql-ast-demo/target/maven-status/maven-compiler-plugin...
[2026-03-01 10:33:22] [PROGRESS] resolve files> Scanning /home/nyn/Desktop/Projects/Java/Java-learning/src/codeql-ast-demo/target/maven-status/maven-compiler-plugin/compile...
[2026-03-01 10:33:22] [PROGRESS] resolve files> Scanning /home/nyn/Desktop/Projects/Java/Java-learning/src/codeql-ast-demo/target/maven-status/maven-compiler-plugin/compile/default-compile...
[2026-03-01 10:33:22] [PROGRESS] resolve files> Scanning /home/nyn/Desktop/Projects/Java/Java-learning/src/codeql-ast-demo/target/generated-sources...
[2026-03-01 10:33:22] [PROGRESS] resolve files> Scanning /home/nyn/Desktop/Projects/Java/Java-learning/src/codeql-ast-demo/target/generated-sources/annotations...
[2026-03-01 10:33:22] [PROGRESS] resolve files> Scanning /home/nyn/Desktop/Projects/Java/Java-learning/src/codeql-ast-demo/src...
[2026-03-01 10:33:22] [PROGRESS] resolve files> Scanning /home/nyn/Desktop/Projects/Java/Java-learning/src/codeql-ast-demo/src/main...
[2026-03-01 10:33:22] [PROGRESS] resolve files> Scanning /home/nyn/Desktop/Projects/Java/Java-learning/src/codeql-ast-demo/src/main/java...
[2026-03-01 10:33:22] [PROGRESS] resolve files> Scanning /home/nyn/Desktop/Projects/Java/Java-learning/src/codeql-ast-demo/src/main/java/org...
[2026-03-01 10:33:22] [PROGRESS] resolve files> Scanning /home/nyn/Desktop/Projects/Java/Java-learning/src/codeql-ast-demo/src/main/java/org/example...
[2026-03-01 10:33:22] [PROGRESS] resolve files> Scanning /home/nyn/Desktop/Projects/Java/Java-learning/src/codeql-ast-demo/src/main/java/org/example/ast...
[2026-03-01 10:33:22] Plumbing command codeql resolve files completed:
                      [ ]
[2026-03-01 10:33:22] [DETAILS] database index-files> Found 0 files.
[2026-03-01 10:33:22] Terminating normally.
